<?xml version="1.0" encoding="UTF-8"?>
<!-- Generated by org.testng.reporters.JUnitReportReporter -->
<testsuite skipped="0" hostname="DESKTOP-8AMC3R8" name="futuready.friends.PAInsuranceTest" tests="1" failures="0" timestamp="2020-06-11T02:55:33 IST" time="27.781" errors="0">
  <testcase name="createPAInsurance" time="27.781" classname="futuready.friends.PAInsuranceTest"/>
  <system-out/>
</testsuite> <!-- futuready.friends.PAInsuranceTest -->
