<?xml version="1.0" encoding="UTF-8"?>
<!-- Generated by org.testng.reporters.JUnitReportReporter -->
<testsuite skipped="0" hostname="DESKTOP-8AMC3R8" name="futuready.friends.LifeInsuranceTest" tests="1" failures="0" timestamp="2020-06-11T02:55:33 IST" time="33.312" errors="0">
  <testcase name="createLifeInsurance" time="33.312" classname="futuready.friends.LifeInsuranceTest"/>
  <system-out/>
</testsuite> <!-- futuready.friends.LifeInsuranceTest -->
