<?xml version="1.0" encoding="UTF-8"?>
<!-- Generated by org.testng.reporters.JUnitReportReporter -->
<testsuite skipped="0" hostname="DESKTOP-8AMC3R8" name="futuready.friends.LoginPageTest" tests="1" failures="0" timestamp="2020-06-11T02:55:33 IST" time="14.657" errors="0">
  <testcase name="basePageNavigation" time="14.657" classname="futuready.friends.LoginPageTest"/>
  <system-out/>
</testsuite> <!-- futuready.friends.LoginPageTest -->
