<?xml version="1.0" encoding="UTF-8"?>
<!-- Generated by org.testng.reporters.JUnitReportReporter -->
<testsuite skipped="0" hostname="DESKTOP-8AMC3R8" name="futuready.friends.MotorInsuranceTest" tests="1" failures="0" timestamp="2020-06-11T12:48:42 IST" time="43.790" errors="0">
  <testcase name="createMotorInsurance" time="43.790" classname="futuready.friends.MotorInsuranceTest"/>
  <system-out/>
</testsuite> <!-- futuready.friends.MotorInsuranceTest -->
