<?xml version="1.0" encoding="UTF-8"?>
<!-- Generated by org.testng.reporters.JUnitReportReporter -->
<testsuite skipped="0" hostname="DESKTOP-8AMC3R8" name="futuready.friends.ExtentReportDemo" tests="1" failures="0" timestamp="2020-06-01T06:07:30 IST" time="5.928" errors="0">
  <testcase name="test1" time="5.928" classname="futuready.friends.ExtentReportDemo"/>
  <system-out/>
</testsuite> <!-- futuready.friends.ExtentReportDemo -->
