<?xml version="1.0" encoding="UTF-8"?>
<!-- Generated by org.testng.reporters.JUnitReportReporter -->
<testsuite skipped="0" hostname="DESKTOP-8AMC3R8" name="futuready.friends.maventest2" tests="1" failures="0" timestamp="2020-06-01T03:22:36 IST" time="0.002" errors="0">
  <testcase name="browsertest" time="0.002" classname="futuready.friends.maventest2"/>
  <system-out/>
</testsuite> <!-- futuready.friends.maventest2 -->
