<?xml version="1.0" encoding="UTF-8"?>
<!-- Generated by org.testng.reporters.JUnitReportReporter -->
<testsuite skipped="0" hostname="DESKTOP-8AMC3R8" name="futuready.friends.AppTest" tests="1" failures="0" timestamp="2020-06-01T02:34:12 IST" time="0.002" errors="0">
  <testcase name="testApp" time="0.002" classname="futuready.friends.AppTest"/>
  <system-out/>
</testsuite> <!-- futuready.friends.AppTest -->
